<?xml version="1.0" encoding="UTF-8"?>
<testng-results ignored="0" total="2" passed="2" failed="0" skipped="0">
  <reporter-output>
  </reporter-output>
  <suite started-at="2022-01-16T13:16:07 PST" name="Default suite" finished-at="2022-01-16T13:16:10 PST" duration-ms="3783">
    <groups>
    </groups>
    <test started-at="2022-01-16T13:16:07 PST" name="Default test" finished-at="2022-01-16T13:16:10 PST" duration-ms="3783">
      <class name="newAPItesting.NewsampleAPI">
        <test-method signature="get_request()[pri:0, instance:newAPItesting.NewsampleAPI@be64738]" started-at="2022-01-16T13:16:07 PST" name="get_request" finished-at="2022-01-16T13:16:10 PST" duration-ms="2960" status="PASS">
          <reporter-output>
          </reporter-output>
        </test-method> <!-- get_request -->
        <test-method signature="post_request()[pri:0, instance:newAPItesting.NewsampleAPI@be64738]" started-at="2022-01-16T13:16:10 PST" name="post_request" finished-at="2022-01-16T13:16:10 PST" duration-ms="784" status="PASS">
          <reporter-output>
          </reporter-output>
        </test-method> <!-- post_request -->
      </class> <!-- newAPItesting.NewsampleAPI -->
    </test> <!-- Default test -->
  </suite> <!-- Default suite -->
</testng-results>
